# JRE version: Java(TM) SE Runtime Environment (8.0_162-b12) (build 1.8.0_162-b12)
# Java VM: Java HotSpot(TM) 64-Bit Server VM (25.162-b12 mixed mode windows-amd64 compressed oops)
Heap:
 PSYoungGen      total 70656K, used 42672K [0x00000000d6580000, 0x00000000dc800000, 0x0000000100000000)
  eden space 65024K, 57% used [0x00000000d6580000,0x00000000d8a13950,0x00000000da500000)
  from space 5632K, 92% used [0x00000000dc280000,0x00000000dc798a40,0x00000000dc800000)
  to   space 8704K, 0% used [0x00000000db700000,0x00000000db700000,0x00000000dbf80000)
 ParOldGen       total 56320K, used 11003K [0x0000000083000000, 0x0000000086700000, 0x00000000d6580000)
  object space 56320K, 19% used [0x0000000083000000,0x0000000083abee40,0x0000000086700000)
 Metaspace       used 22532K, capacity 23136K, committed 23216K, reserved 1069056K
  class space    used 2577K, capacity 2740K, committed 2816K, reserved 1048576K
GC Heap History (10 events):
Event: 317.637 GC heap before
{Heap before GC invocations=13 (full 1):
 PSYoungGen      total 80896K, used 80466K [0x00000000d6580000, 0x00000000dda80000, 0x0000000100000000)
  eden space 75264K, 100% used [0x00000000d6580000,0x00000000daf00000,0x00000000daf00000)
  from space 5632K, 92% used [0x00000000dcb00000,0x00000000dd014b60,0x00000000dd080000)
  to   space 9728K, 0% used [0x00000000dd100000,0x00000000dd100000,0x00000000dda80000)
 ParOldGen       total 56320K, used 10995K [0x0000000083000000, 0x0000000086700000, 0x00000000d6580000)
  object space 56320K, 19% used [0x0000000083000000,0x0000000083abce40,0x0000000086700000)
 Metaspace       used 22293K, capacity 22802K, committed 22960K, reserved 1069056K
  class space    used 2570K, capacity 2739K, committed 2816K, reserved 1048576K
Event: 317.642 GC heap after
Heap after GC invocations=13 (full 1):
 PSYoungGen      total 78848K, used 5329K [0x00000000d6580000, 0x00000000dd680000, 0x0000000100000000)
  eden space 73216K, 0% used [0x00000000d6580000,0x00000000d6580000,0x00000000dad00000)
  from space 5632K, 94% used [0x00000000dd100000,0x00000000dd634740,0x00000000dd680000)
  to   space 9728K, 0% used [0x00000000dc380000,0x00000000dc380000,0x00000000dcd00000)
 ParOldGen       total 56320K, used 11003K [0x0000000083000000, 0x0000000086700000, 0x00000000d6580000)
  object space 56320K, 19% used [0x0000000083000000,0x0000000083abee40,0x0000000086700000)
 Metaspace       used 22293K, capacity 22802K, committed 22960K, reserved 1069056K
  class space    used 2570K, capacity 2739K, committed 2816K, reserved 1048576K
}
Event: 367.037 GC heap before
{Heap before GC invocations=14 (full 1):
 PSYoungGen      total 78848K, used 78545K [0x00000000d6580000, 0x00000000dd680000, 0x0000000100000000)
  eden space 73216K, 100% used [0x00000000d6580000,0x00000000dad00000,0x00000000dad00000)
  from space 5632K, 94% used [0x00000000dd100000,0x00000000dd634740,0x00000000dd680000)
  to   space 9728K, 0% used [0x00000000dc380000,0x00000000dc380000,0x00000000dcd00000)
 ParOldGen       total 56320K, used 11003K [0x0000000083000000, 0x0000000086700000, 0x00000000d6580000)
  object space 56320K, 19% used [0x0000000083000000,0x0000000083abee40,0x0000000086700000)
 Metaspace       used 22331K, capacity 22940K, committed 23216K, reserved 1069056K
  class space    used 2570K, capacity 2740K, committed 2816K, reserved 1048576K
Event: 367.041 GC heap after
Heap after GC invocations=14 (full 1):
 PSYoungGen      total 76800K, used 5347K [0x00000000d6580000, 0x00000000dd180000, 0x0000000100000000)
  eden space 71168K, 0% used [0x00000000d6580000,0x00000000d6580000,0x00000000dab00000)
  from space 5632K, 94% used [0x00000000dc380000,0x00000000dc8b8e00,0x00000000dc900000)
  to   space 8704K, 0% used [0x00000000dc900000,0x00000000dc900000,0x00000000dd180000)
 ParOldGen       total 56320K, used 11003K [0x0000000083000000, 0x0000000086700000, 0x00000000d6580000)
  object space 56320K, 19% used [0x0000000083000000,0x0000000083abee40,0x0000000086700000)
 Metaspace       used 22331K, capacity 22940K, committed 23216K, reserved 1069056K
  class space    used 2570K, capacity 2740K, committed 2816K, reserved 1048576K
}
Event: 413.136 GC heap before
{Heap before GC invocations=15 (full 1):
 PSYoungGen      total 76800K, used 76515K [0x00000000d6580000, 0x00000000dd180000, 0x0000000100000000)
  eden space 71168K, 100% used [0x00000000d6580000,0x00000000dab00000,0x00000000dab00000)
  from space 5632K, 94% used [0x00000000dc380000,0x00000000dc8b8e00,0x00000000dc900000)
  to   space 8704K, 0% used [0x00000000dc900000,0x00000000dc900000,0x00000000dd180000)
 ParOldGen       total 56320K, used 11003K [0x0000000083000000, 0x0000000086700000, 0x00000000d6580000)
  object space 56320K, 19% used [0x0000000083000000,0x0000000083abee40,0x0000000086700000)
 Metaspace       used 22387K, capacity 22944K, committed 23216K, reserved 1069056K
  class space    used 2571K, capacity 2740K, committed 2816K, reserved 1048576K
Event: 413.141 GC heap after
Heap after GC invocations=15 (full 1):
 PSYoungGen      total 74752K, used 5460K [0x00000000d6580000, 0x00000000dce80000, 0x0000000100000000)
  eden space 69120K, 0% used [0x00000000d6580000,0x00000000d6580000,0x00000000da900000)
  from space 5632K, 96% used [0x00000000dc900000,0x00000000dce55060,0x00000000dce80000)
  to   space 9216K, 0% used [0x00000000dbc80000,0x00000000dbc80000,0x00000000dc580000)
 ParOldGen       total 56320K, used 11003K [0x0000000083000000, 0x0000000086700000, 0x00000000d6580000)
  object space 56320K, 19% used [0x0000000083000000,0x0000000083abee40,0x0000000086700000)
 Metaspace       used 22387K, capacity 22944K, committed 23216K, reserved 1069056K
  class space    used 2571K, capacity 2740K, committed 2816K, reserved 1048576K
}
Event: 453.302 GC heap before
{Heap before GC invocations=16 (full 1):
 PSYoungGen      total 74752K, used 74580K [0x00000000d6580000, 0x00000000dce80000, 0x0000000100000000)
  eden space 69120K, 100% used [0x00000000d6580000,0x00000000da900000,0x00000000da900000)
  from space 5632K, 96% used [0x00000000dc900000,0x00000000dce55060,0x00000000dce80000)
  to   space 9216K, 0% used [0x00000000dbc80000,0x00000000dbc80000,0x00000000dc580000)
 ParOldGen       total 56320K, used 11003K [0x0000000083000000, 0x0000000086700000, 0x00000000d6580000)
  object space 56320K, 19% used [0x0000000083000000,0x0000000083abee40,0x0000000086700000)
 Metaspace       used 22424K, capacity 22944K, committed 23216K, reserved 1069056K
  class space    used 2571K, capacity 2740K, committed 2816K, reserved 1048576K
Event: 453.309 GC heap after
Heap after GC invocations=16 (full 1):
 PSYoungGen      total 73216K, used 5795K [0x00000000d6580000, 0x00000000dc980000, 0x0000000100000000)
  eden space 67072K, 0% used [0x00000000d6580000,0x00000000d6580000,0x00000000da700000)
  from space 6144K, 94% used [0x00000000dbc80000,0x00000000dc228e60,0x00000000dc280000)
  to   space 7168K, 0% used [0x00000000dc280000,0x00000000dc280000,0x00000000dc980000)
 ParOldGen       total 56320K, used 11003K [0x0000000083000000, 0x0000000086700000, 0x00000000d6580000)
  object space 56320K, 19% used [0x0000000083000000,0x0000000083abee40,0x0000000086700000)
 Metaspace       used 22424K, capacity 22944K, committed 23216K, reserved 1069056K
  class space    used 2571K, capacity 2740K, committed 2816K, reserved 1048576K
}
Event: 538.075 GC heap before
{Heap before GC invocations=17 (full 1):
 PSYoungGen      total 73216K, used 72867K [0x00000000d6580000, 0x00000000dc980000, 0x0000000100000000)
  eden space 67072K, 100% used [0x00000000d6580000,0x00000000da700000,0x00000000da700000)
  from space 6144K, 94% used [0x00000000dbc80000,0x00000000dc228e60,0x00000000dc280000)
  to   space 7168K, 0% used [0x00000000dc280000,0x00000000dc280000,0x00000000dc980000)
 ParOldGen       total 56320K, used 11003K [0x0000000083000000, 0x0000000086700000, 0x00000000d6580000)
  object space 56320K, 19% used [0x0000000083000000,0x0000000083abee40,0x0000000086700000)
 Metaspace       used 22459K, capacity 23008K, committed 23216K, reserved 1069056K
  class space    used 2572K, capacity 2740K, committed 2816K, reserved 1048576K
Event: 538.080 GC heap after
Heap after GC invocations=17 (full 1):
 PSYoungGen      total 70656K, used 5218K [0x00000000d6580000, 0x00000000dc800000, 0x0000000100000000)
  eden space 65024K, 0% used [0x00000000d6580000,0x00000000d6580000,0x00000000da500000)
  from space 5632K, 92% used [0x00000000dc280000,0x00000000dc798a40,0x00000000dc800000)
  to   space 8704K, 0% used [0x00000000db700000,0x00000000db700000,0x00000000dbf80000)
 ParOldGen       total 56320K, used 11003K [0x0000000083000000, 0x0000000086700000, 0x00000000d6580000)
  object space 56320K, 19% used [0x0000000083000000,0x0000000083abee40,0x0000000086700000)
 Metaspace       used 22459K, capacity 23008K, committed 23216K, reserved 1069056K
  class space    used 2572K, capacity 2740K, committed 2816K, reserved 1048576K
}

